<?xml version="1.0" encoding="UTF-8"?>
<!-- Generated by org.testng.reporters.JUnitReportReporter -->
<testsuite hostname="DESKTOP-F58T3K5" name="com.ogarnij.TestClass" tests="1" failures="0" timestamp="13 Aug 2018 08:15:55 GMT" time="5.409" errors="0">
  <testcase name="callWebDriver" time="5.409" classname="com.ogarnij.TestClass"/>
</testsuite> <!-- com.ogarnij.TestClass -->
